<?xml version="1.0" encoding="UTF-8"?>
<testsuite xmlns:xsi="http://www.w3.org/2001/XMLSchema-instance" xsi:noNamespaceSchemaLocation="https://maven.apache.org/surefire/maven-failsafe-plugin/xsd/failsafe-test-report-3.0.xsd" version="3.0" name="User Transaction" time="2.908" tests="5" errors="0" skipped="0" failures="0">
  <properties>
[...]
</properties>
  <testcase name="POST Create user Successfully" classname="User Transaction" time="0.735">
    <system-out><![CDATA[

9
 Scenarios (
&amp#27;[32m9 passed&amp#27;[0m
)


26
 Steps (
&amp#27;[32m26 passed&amp#27;[0m
)


0m
8.947s






15:03:26.733 [pool-2-thread-1] DEBUG net.thucydides.core.reports.ReportService - Reporting formats: [JSON, HTML]

15:03:26.781 [pool-2-thread-1] DEBUG net.thucydides.core.reports.ReportService - Reporting formats: [JSON, HTML]

15:03:26.781 [pool-2-thread-1] DEBUG net.thucydides.core.reports.ReportService - Generating reports for 9 test outcomes using: net.thucydides.core.reports.json.JSONTestOutcomeReporter@50852f

15:03:26.781 [pool-3-thread-4] DEBUG net.thucydides.core.reports.ReportService - Processing test outcome user register:POST User Register Unsuccessful

15:03:26.781 [pool-3-thread-3] DEBUG net.thucydides.core.reports.ReportService - Processing test outcome user register:POST User Register Successful

15:03:26.781 [pool-3-thread-1] DEBUG net.thucydides.core.reports.ReportService - Processing test outcome user login:POST User login Successful

15:03:26.781 [pool-3-thread-4] INFO net.thucydides.core.reports.ReportService - net.thucydides.core.reports.json.JSONTestOutcomeReporter@50852f: Generating report for test outcome: user register:POST User Register Unsuccessful

15:03:26.781 [pool-3-thread-1] INFO net.thucydides.core.reports.ReportService - net.thucydides.core.reports.json.JSONTestOutcomeReporter@50852f: Generating report for test outcome: user login:POST User login Successful

15:03:26.781 [pool-3-thread-5] DEBUG net.thucydides.core.reports.ReportService - Processing test outcome User Transaction:POST Create user Successfully

15:03:26.781 [pool-3-thread-5] INFO net.thucydides.core.reports.ReportService - net.thucydides.core.reports.json.JSONTestOutcomeReporter@50852f: Generating report for test outcome: User Transaction:POST Create user Successfully

15:03:26.781 [pool-3-thread-2] DEBUG net.thucydides.core.reports.ReportService - Processing test outcome user login:POST User login Unsuccessful

15:03:26.781 [pool-3-thread-7] DEBUG net.thucydides.core.reports.ReportService - Processing test outcome User Transaction:GET list User Successfully

15:03:26.781 [pool-3-thread-6] DEBUG net.thucydides.core.reports.ReportService - Processing test outcome User Transaction:PUT Update user Successfully

15:03:26.781 [pool-3-thread-6] INFO net.thucydides.core.reports.ReportService - net.thucydides.core.reports.json.JSONTestOutcomeReporter@50852f: Generating report for test outcome: User Transaction:PUT Update user Successfully

15:03:26.781 [pool-3-thread-3] INFO net.thucydides.core.reports.ReportService - net.thucydides.core.reports.json.JSONTestOutcomeReporter@50852f: Generating report for test outcome: user register:POST User Register Successful

15:03:26.781 [pool-3-thread-8] DEBUG net.thucydides.core.reports.ReportService - Processing test outcome User Transaction:GET Single User Successfully

15:03:26.781 [pool-3-thread-8] INFO net.thucydides.core.reports.ReportService - net.thucydides.core.reports.json.JSONTestOutcomeReporter@50852f: Generating report for test outcome: User Transaction:GET Single User Successfully

15:03:26.781 [pool-3-thread-2] INFO net.thucydides.core.reports.ReportService - net.thucydides.core.reports.json.JSONTestOutcomeReporter@50852f: Generating report for test outcome: user login:POST User login Unsuccessful

15:03:26.781 [pool-3-thread-7] INFO net.thucydides.core.reports.ReportService - net.thucydides.core.reports.json.JSONTestOutcomeReporter@50852f: Generating report for test outcome: User Transaction:GET list User Successfully

15:03:26.796 [pool-3-thread-3] DEBUG net.thucydides.core.reports.json.JSONTestOutcomeReporter - Generating JSON report for POST User Register Successful to file D:\AUTOMATION TEST\API\Automation-API\target\site\serenity\c78f18722b14ab3a51a78f53e1379fbeef9a5d230d7eb74330e9f88b3d80a808.json (using temp file D:\AUTOMATION TEST\API\Automation-API\target\site\serenity\c78f18722b14ab3a51a78f53e1379fbeef9a5d230d7eb74330e9f88b3d80a808.json53d98c87-afc1-4e59-8fe1-e7d892292fda)

15:03:26.796 [pool-3-thread-1] DEBUG net.thucydides.core.reports.json.JSONTestOutcomeReporter - Generating JSON report for POST User login Successful to file D:\AUTOMATION TEST\API\Automation-API\target\site\serenity\512433cf656e8f44a28365c8e50098d6ce03f3e829e13bd4a0c8a4896250a611.json (using temp file D:\AUTOMATION TEST\API\Automation-API\target\site\serenity\512433cf656e8f44a28365c8e50098d6ce03f3e829e13bd4a0c8a4896250a611.json7a64c7dc-96fc-4a5f-a277-7d47eacfe3f0)

15:03:26.796 [pool-3-thread-5] DEBUG net.thucydides.core.reports.json.JSONTestOutcomeReporter - Generating JSON report for POST Create user Successfully to file D:\AUTOMATION TEST\API\Automation-API\target\site\serenity\859262293d98b988ddd9070fe881c13b037064e34f42797995d489e761d9149c.json (using temp file D:\AUTOMATION TEST\API\Automation-API\target\site\serenity\859262293d98b988ddd9070fe881c13b037064e34f42797995d489e761d9149c.json2d09a157-c186-4a26-bac6-1d7d4cd1a3e2)

15:03:26.796 [pool-3-thread-8] DEBUG net.thucydides.core.reports.json.JSONTestOutcomeReporter - Generating JSON report for GET Single User Successfully to file D:\AUTOMATION TEST\API\Automation-API\target\site\serenity\4246a1fa929bafe542e6fab371cfe894ddadd50188c6e9c8d814c62c8495e80f.json (using temp file D:\AUTOMATION TEST\API\Automation-API\target\site\serenity\4246a1fa929bafe542e6fab371cfe894ddadd50188c6e9c8d814c62c8495e80f.json0af3d41c-dcaf-4b4a-abff-148d21ddd6d6)

15:03:26.796 [pool-3-thread-4] DEBUG net.thucydides.core.reports.json.JSONTestOutcomeReporter - Generating JSON report for POST User Register Unsuccessful to file D:\AUTOMATION TEST\API\Automation-API\target\site\serenity\6f27026704e0270a26498156a001e6c4c5ef67f73a7cb6c15976b1138cc060a4.json (using temp file D:\AUTOMATION TEST\API\Automation-API\target\site\serenity\6f27026704e0270a26498156a001e6c4c5ef67f73a7cb6c15976b1138cc060a4.json47e182ee-c966-4255-b423-5f892b14d2cf)

15:03:26.796 [pool-3-thread-7] DEBUG net.thucydides.core.reports.json.JSONTestOutcomeReporter - Generating JSON report for GET list User Successfully to file D:\AUTOMATION TEST\API\Automation-API\target\site\serenity\89219ee9d162ab3f7ed4172f730f310c944a43665773cde93920b4e82ee657a0.json (using temp file D:\AUTOMATION TEST\API\Automation-API\target\site\serenity\89219ee9d162ab3f7ed4172f730f310c944a43665773cde93920b4e82ee657a0.json1c8a4a1e-0cd9-4286-890f-2986090f1576)

15:03:26.796 [pool-3-thread-2] DEBUG net.thucydides.core.reports.json.JSONTestOutcomeReporter - Generating JSON report for POST User login Unsuccessful to file D:\AUTOMATION TEST\API\Automation-API\target\site\serenity\7a9e70458a05e198ec88339af5b55fe99b65fcb0b0fe94d03fdf27a22da54fc8.json (using temp file D:\AUTOMATION TEST\API\Automation-API\target\site\serenity\7a9e70458a05e198ec88339af5b55fe99b65fcb0b0fe94d03fdf27a22da54fc8.json382e0076-fd53-4c42-902d-02e1858ef378)

15:03:26.796 [pool-3-thread-6] DEBUG net.thucydides.core.reports.json.JSONTestOutcomeReporter - Generating JSON report for PUT Update user Successfully to file D:\AUTOMATION TEST\API\Automation-API\target\site\serenity\915dc00fc15a080302db9b512f6ef600523c99a358c295f5fffa0f4884493ced.json (using temp file D:\AUTOMATION TEST\API\Automation-API\target\site\serenity\915dc00fc15a080302db9b512f6ef600523c99a358c295f5fffa0f4884493ced.json4c0283c6-535c-4f96-895d-84d90b10371e)

15:03:26.844 [pool-3-thread-3] DEBUG net.thucydides.core.reports.ReportService - Processing test outcome user register:POST User Register Successful done

15:03:26.844 [pool-3-thread-7] DEBUG net.thucydides.core.reports.ReportService - Processing test outcome User Transaction:GET list User Successfully done

15:03:26.844 [pool-3-thread-5] DEBUG net.thucydides.core.reports.ReportService - Processing test outcome User Transaction:POST Create user Successfully done

15:03:26.844 [pool-3-thread-1] DEBUG net.thucydides.core.reports.ReportService - Processing test outcome user login:POST User login Successful done

15:03:26.844 [pool-3-thread-4] DEBUG net.thucydides.core.reports.ReportService - Processing test outcome user register:POST User Register Unsuccessful done

15:03:26.844 [pool-3-thread-2] DEBUG net.thucydides.core.reports.ReportService - Processing test outcome user login:POST User login Unsuccessful done

15:03:26.844 [pool-3-thread-6] DEBUG net.thucydides.core.reports.ReportService - Processing test outcome User Transaction:PUT Update user Successfully done

15:03:26.844 [pool-3-thread-3] DEBUG net.thucydides.core.reports.ReportService - Processing test outcome User Transaction:DELETE user Successfully

15:03:26.844 [pool-3-thread-3] INFO net.thucydides.core.reports.ReportService - net.thucydides.core.reports.json.JSONTestOutcomeReporter@50852f: Generating report for test outcome: User Transaction:DELETE user Successfully

15:03:26.844 [pool-3-thread-8] DEBUG net.thucydides.core.reports.ReportService - Processing test outcome User Transaction:GET Single User Successfully done

15:03:26.844 [pool-3-thread-3] DEBUG net.thucydides.core.reports.json.JSONTestOutcomeReporter - Generating JSON report for DELETE user Successfully to file D:\AUTOMATION TEST\API\Automation-API\target\site\serenity\f6c936e4423f9245a1ab3ff82433a4fff1e4785ceb8d3bf834e81c59fa658ed3.json (using temp file D:\AUTOMATION TEST\API\Automation-API\target\site\serenity\f6c936e4423f9245a1ab3ff82433a4fff1e4785ceb8d3bf834e81c59fa658ed3.jsone2f1ca7f-b67f-470e-b1c6-c847901555c3)

15:03:26.844 [pool-3-thread-3] DEBUG net.thucydides.core.reports.ReportService - Processing test outcome User Transaction:DELETE user Successfully done

15:03:26.844 [pool-2-thread-1] DEBUG net.thucydides.core.reports.ReportService - Shutting down executor service

15:03:26.844 [pool-2-thread-1] DEBUG net.thucydides.core.reports.ReportService - Reports generated in: 63 ms

15:03:26.844 [pool-2-thread-1] DEBUG net.thucydides.core.reports.ReportService - Generating reports for 9 test outcomes using: net.thucydides.core.reports.html.HtmlAcceptanceTestReporter@14c20cc

15:03:26.844 [pool-4-thread-1] DEBUG net.thucydides.core.reports.ReportService - Processing test outcome user login:POST User login Successful

15:03:26.844 [pool-4-thread-1] INFO net.thucydides.core.reports.ReportService - net.thucydides.core.reports.html.HtmlAcceptanceTestReporter@14c20cc: Generating report for test outcome: user login:POST User login Successful

15:03:26.844 [pool-4-thread-4] DEBUG net.thucydides.core.reports.ReportService - Processing test outcome user register:POST User Register Unsuccessful

15:03:26.844 [pool-4-thread-4] INFO net.thucydides.core.reports.ReportService - net.thucydides.core.reports.html.HtmlAcceptanceTestReporter@14c20cc: Generating report for test outcome: user register:POST User Register Unsuccessful

15:03:26.844 [pool-4-thread-3] DEBUG net.thucydides.core.reports.ReportService - Processing test outcome user register:POST User Register Successful

15:03:26.844 [pool-4-thread-5] DEBUG net.thucydides.core.reports.ReportService - Processing test outcome User Transaction:POST Create user Successfully

15:03:26.844 [pool-4-thread-2] DEBUG net.thucydides.core.reports.ReportService - Processing test outcome user login:POST User login Unsuccessful

15:03:26.844 [pool-4-thread-3] INFO net.thucydides.core.reports.ReportService - net.thucydides.core.reports.html.HtmlAcceptanceTestReporter@14c20cc: Generating report for test outcome: user register:POST User Register Successful

15:03:26.844 [pool-4-thread-7] DEBUG net.thucydides.core.reports.ReportService - Processing test outcome User Transaction:GET list User Successfully

15:03:26.844 [pool-4-thread-5] INFO net.thucydides.core.reports.ReportService - net.thucydides.core.reports.html.HtmlAcceptanceTestReporter@14c20cc: Generating report for test outcome: User Transaction:POST Create user Successfully

15:03:26.844 [pool-4-thread-8] DEBUG net.thucydides.core.reports.ReportService - Processing test outcome User Transaction:GET Single User Successfully

15:03:26.844 [pool-4-thread-8] INFO net.thucydides.core.reports.ReportService - net.thucydides.core.reports.html.HtmlAcceptanceTestReporter@14c20cc: Generating report for test outcome: User Transaction:GET Single User Successfully

15:03:26.844 [pool-4-thread-2] INFO net.thucydides.core.reports.ReportService - net.thucydides.core.reports.html.HtmlAcceptanceTestReporter@14c20cc: Generating report for test outcome: user login:POST User login Unsuccessful

15:03:26.844 [pool-4-thread-6] DEBUG net.thucydides.core.reports.ReportService - Processing test outcome User Transaction:PUT Update user Successfully

15:03:26.844 [pool-4-thread-7] INFO net.thucydides.core.reports.ReportService - net.thucydides.core.reports.html.HtmlAcceptanceTestReporter@14c20cc: Generating report for test outcome: User Transaction:GET list User Successfully

15:03:26.844 [pool-4-thread-6] INFO net.thucydides.core.reports.ReportService - net.thucydides.core.reports.html.HtmlAcceptanceTestReporter@14c20cc: Generating report for test outcome: User Transaction:PUT Update user Successfully

15:03:26.891 [pool-4-thread-1] DEBUG net.thucydides.core.requirements.model.cucumber.CucumberParser - Added feature user login

15:03:26.891 [pool-4-thread-7] DEBUG net.thucydides.core.requirements.model.cucumber.CucumberParser - Added feature user login

15:03:26.891 [pool-4-thread-4] DEBUG net.thucydides.core.requirements.model.cucumber.CucumberParser - Added feature user login

15:03:26.891 [pool-4-thread-5] DEBUG net.thucydides.core.requirements.model.cucumber.CucumberParser - Added feature user login

15:03:26.891 [pool-4-thread-6] DEBUG net.thucydides.core.requirements.model.cucumber.CucumberParser - Added feature user login

15:03:26.891 [pool-4-thread-3] DEBUG net.thucydides.core.requirements.model.cucumber.CucumberParser - Added feature user login

15:03:26.891 [pool-4-thread-2] DEBUG net.thucydides.core.requirements.model.cucumber.CucumberParser - Added feature user login

15:03:26.891 [pool-4-thread-8] DEBUG net.thucydides.core.requirements.model.cucumber.CucumberParser - Added feature user login

15:03:26.891 [pool-4-thread-1] DEBUG net.thucydides.core.requirements.model.cucumber.CucumberParser - Added feature user register

15:03:26.891 [pool-4-thread-7] DEBUG net.thucydides.core.requirements.model.cucumber.CucumberParser - Added feature user register

15:03:26.891 [pool-4-thread-4] DEBUG net.thucydides.core.requirements.model.cucumber.CucumberParser - Added feature user register

15:03:26.891 [pool-4-thread-8] DEBUG net.thucydides.core.requirements.model.cucumber.CucumberParser - Added feature user register

15:03:26.891 [pool-4-thread-3] DEBUG net.thucydides.core.requirements.model.cucumber.CucumberParser - Added feature user register

15:03:26.891 [pool-4-thread-6] DEBUG net.thucydides.core.requirements.model.cucumber.CucumberParser - Added feature user register

15:03:26.891 [pool-4-thread-5] DEBUG net.thucydides.core.requirements.model.cucumber.CucumberParser - Added feature user register

15:03:26.891 [pool-4-thread-2] DEBUG net.thucydides.core.requirements.model.cucumber.CucumberParser - Added feature user register

15:03:26.907 [pool-4-thread-6] DEBUG net.thucydides.core.requirements.model.cucumber.CucumberParser - Added feature User Transaction

15:03:26.907 [pool-4-thread-3] DEBUG net.thucydides.core.requirements.model.cucumber.CucumberParser - Added feature User Transaction

15:03:26.907 [pool-4-thread-4] DEBUG net.thucydides.core.requirements.model.cucumber.CucumberParser - Added feature User Transaction

15:03:26.907 [pool-4-thread-8] DEBUG net.thucydides.core.requirements.model.cucumber.CucumberParser - Added feature User Transaction

15:03:26.907 [pool-4-thread-5] DEBUG net.thucydides.core.requirements.model.cucumber.CucumberParser - Added feature User Transaction

15:03:26.907 [pool-4-thread-2] DEBUG net.thucydides.core.requirements.model.cucumber.CucumberParser - Added feature User Transaction

15:03:26.907 [pool-4-thread-1] DEBUG net.thucydides.core.requirements.model.cucumber.CucumberParser - Added feature User Transaction

15:03:26.907 [pool-4-thread-7] DEBUG net.thucydides.core.requirements.model.cucumber.CucumberParser - Added feature User Transaction

15:03:26.907 [pool-4-thread-2] DEBUG net.thucydides.core.requirements.BaseRequirementsService - Requirement found for test outcome POST User login Unsuccessful-[]: Optional[Requirement{name='user login', type='feature' parent = 'Api', cardNumber='null'}]

15:03:26.907 [pool-4-thread-8] DEBUG net.thucydides.core.requirements.BaseRequirementsService - Requirement found for test outcome GET Single User Successfully-[]: Optional[Requirement{name='User Transaction', type='feature' parent = 'Api', cardNumber='null'}]

15:03:26.907 [pool-4-thread-1] DEBUG net.thucydides.core.requirements.BaseRequirementsService - Requirement found for test outcome POST User login Successful-[]: Optional[Requirement{name='user login', type='feature' parent = 'Api', cardNumber='null'}]

15:03:26.907 [pool-4-thread-3] DEBUG net.thucydides.core.requirements.BaseRequirementsService - Requirement found for test outcome POST User Register Successful-[]: Optional[Requirement{name='user register', type='feature' parent = 'Api', cardNumber='null'}]

15:03:26.907 [pool-4-thread-7] DEBUG net.thucydides.core.requirements.BaseRequirementsService - Requirement found for test outcome GET list User Successfully-[]: Optional[Requirement{name='User Transaction', type='feature' parent = 'Api', cardNumber='null'}]

15:03:26.907 [pool-4-thread-4] DEBUG net.thucydides.core.requirements.BaseRequirementsService - Requirement found for test outcome POST User Register Unsuccessful-[]: Optional[Requirement{name='user register', type='feature' parent = 'Api', cardNumber='null'}]

15:03:26.907 [pool-4-thread-6] DEBUG net.thucydides.core.requirements.BaseRequirementsService - Requirement found for test outcome PUT Update user Successfully-[]: Optional[Requirement{name='User Transaction', type='feature' parent = 'Api', cardNumber='null'}]

15:03:26.907 [pool-4-thread-5] DEBUG net.thucydides.core.requirements.BaseRequirementsService - Requirement found for test outcome POST Create user Successfully-[]: Optional[Requirement{name='User Transaction', type='feature' parent = 'Api', cardNumber='null'}]

15:03:26.922 [pool-4-thread-7] DEBUG net.thucydides.core.requirements.BaseRequirementsService - Requirement found for test outcome GET list User Successfully-[]: Optional[Requirement{name='User Transaction', type='feature' parent = 'Api', cardNumber='null'}]

15:03:26.922 [pool-4-thread-6] DEBUG net.thucydides.core.requirements.BaseRequirementsService - Requirement found for test outcome PUT Update user Successfully-[]: Optional[Requirement{name='User Transaction', type='feature' parent = 'Api', cardNumber='null'}]

15:03:26.922 [pool-4-thread-2] DEBUG net.thucydides.core.requirements.BaseRequirementsService - Requirement found for test outcome POST User login Unsuccessful-[]: Optional[Requirement{name='user login', type='feature' parent = 'Api', cardNumber='null'}]

15:03:26.922 [pool-4-thread-3] DEBUG net.thucydides.core.requirements.BaseRequirementsService - Requirement found for test outcome POST User Register Successful-[]: Optional[Requirement{name='user register', type='feature' parent = 'Api', cardNumber='null'}]

15:03:26.922 [pool-4-thread-4] DEBUG net.thucydides.core.requirements.BaseRequirementsService - Requirement found for test outcome POST User Register Unsuccessful-[]: Optional[Requirement{name='user register', type='feature' parent = 'Api', cardNumber='null'}]

15:03:26.922 [pool-4-thread-5] DEBUG net.thucydides.core.requirements.BaseRequirementsService - Requirement found for test outcome POST Create user Successfully-[]: Optional[Requirement{name='User Transaction', type='feature' parent = 'Api', cardNumber='null'}]

15:03:26.922 [pool-4-thread-1] DEBUG net.thucydides.core.requirements.BaseRequirementsService - Requirement found for test outcome POST User login Successful-[]: Optional[Requirement{name='user login', type='feature' parent = 'Api', cardNumber='null'}]

15:03:26.922 [pool-4-thread-8] DEBUG net.thucydides.core.requirements.BaseRequirementsService - Requirement found for test outcome GET Single User Successfully-[]: Optional[Requirement{name='User Transaction', type='feature' parent = 'Api', cardNumber='null'}]

15:03:27.447 [pool-4-thread-3] DEBUG serenity.reporting - Generating report in c78f18722b14ab3a51a78f53e1379fbeef9a5d230d7eb74330e9f88b3d80a808.html

15:03:27.447 [pool-4-thread-2] DEBUG serenity.reporting - Generating report in 7a9e70458a05e198ec88339af5b55fe99b65fcb0b0fe94d03fdf27a22da54fc8.html

15:03:27.447 [pool-4-thread-8] DEBUG serenity.reporting - Generating report in 4246a1fa929bafe542e6fab371cfe894ddadd50188c6e9c8d814c62c8495e80f.html

15:03:27.447 [pool-4-thread-5] DEBUG serenity.reporting - Generating report in 859262293d98b988ddd9070fe881c13b037064e34f42797995d489e761d9149c.html

15:03:27.447 [pool-4-thread-4] DEBUG serenity.reporting - Generating report in 6f27026704e0270a26498156a001e6c4c5ef67f73a7cb6c15976b1138cc060a4.html

15:03:27.447 [pool-4-thread-1] DEBUG serenity.reporting - Generating report in 512433cf656e8f44a28365c8e50098d6ce03f3e829e13bd4a0c8a4896250a611.html

15:03:27.447 [pool-4-thread-7] DEBUG serenity.reporting - Generating report in 89219ee9d162ab3f7ed4172f730f310c944a43665773cde93920b4e82ee657a0.html

15:03:27.447 [pool-4-thread-6] DEBUG serenity.reporting - Generating report in 915dc00fc15a080302db9b512f6ef600523c99a358c295f5fffa0f4884493ced.html

15:03:27.794 [pool-4-thread-7] DEBUG serenity.reporting - Generated report 89219ee9d162ab3f7ed4172f730f310c944a43665773cde93920b4e82ee657a0.html in 347 ms

15:03:27.794 [pool-4-thread-4] DEBUG serenity.reporting - Generated report 6f27026704e0270a26498156a001e6c4c5ef67f73a7cb6c15976b1138cc060a4.html in 347 ms

15:03:27.794 [pool-4-thread-7] DEBUG net.thucydides.core.reports.ReportService - Processing test outcome User Transaction:GET list User Successfully done

15:03:27.794 [pool-4-thread-2] DEBUG serenity.reporting - Generated report 7a9e70458a05e198ec88339af5b55fe99b65fcb0b0fe94d03fdf27a22da54fc8.html in 347 ms

15:03:27.794 [pool-4-thread-8] DEBUG serenity.reporting - Generated report 4246a1fa929bafe542e6fab371cfe894ddadd50188c6e9c8d814c62c8495e80f.html in 347 ms

15:03:27.794 [pool-4-thread-5] DEBUG serenity.reporting - Generated report 859262293d98b988ddd9070fe881c13b037064e34f42797995d489e761d9149c.html in 347 ms

15:03:27.794 [pool-4-thread-5] DEBUG net.thucydides.core.reports.ReportService - Processing test outcome User Transaction:POST Create user Successfully done

15:03:27.794 [pool-4-thread-1] DEBUG serenity.reporting - Generated report 512433cf656e8f44a28365c8e50098d6ce03f3e829e13bd4a0c8a4896250a611.html in 347 ms

15:03:27.794 [pool-4-thread-3] DEBUG serenity.reporting - Generated report c78f18722b14ab3a51a78f53e1379fbeef9a5d230d7eb74330e9f88b3d80a808.html in 347 ms

15:03:27.794 [pool-4-thread-4] DEBUG net.thucydides.core.reports.ReportService - Processing test outcome user register:POST User Register Unsuccessful done

15:03:27.794 [pool-4-thread-7] DEBUG net.thucydides.core.reports.ReportService - Processing test outcome User Transaction:DELETE user Successfully

15:03:27.794 [pool-4-thread-7] INFO net.thucydides.core.reports.ReportService - net.thucydides.core.reports.html.HtmlAcceptanceTestReporter@14c20cc: Generating report for test outcome: User Transaction:DELETE user Successfully

15:03:27.794 [pool-4-thread-2] DEBUG net.thucydides.core.reports.ReportService - Processing test outcome user login:POST User login Unsuccessful done

15:03:27.794 [pool-4-thread-8] DEBUG net.thucydides.core.reports.ReportService - Processing test outcome User Transaction:GET Single User Successfully done

15:03:27.794 [pool-4-thread-1] DEBUG net.thucydides.core.reports.ReportService - Processing test outcome user login:POST User login Successful done

15:03:27.794 [pool-4-thread-3] DEBUG net.thucydides.core.reports.ReportService - Processing test outcome user register:POST User Register Successful done

15:03:27.794 [pool-4-thread-6] DEBUG serenity.reporting - Generated report 915dc00fc15a080302db9b512f6ef600523c99a358c295f5fffa0f4884493ced.html in 347 ms

15:03:27.794 [pool-4-thread-6] DEBUG net.thucydides.core.reports.ReportService - Processing test outcome User Transaction:PUT Update user Successfully done

15:03:27.810 [pool-4-thread-7] DEBUG net.thucydides.core.requirements.BaseRequirementsService - Requirement found for test outcome DELETE user Successfully-[]: Optional[Requirement{name='User Transaction', type='feature' parent = 'Api', cardNumber='null'}]

15:03:27.810 [pool-4-thread-7] DEBUG net.thucydides.core.requirements.BaseRequirementsService - Requirement found for test outcome DELETE user Successfully-[]: Optional[Requirement{name='User Transaction', type='feature' parent = 'Api', cardNumber='null'}]

15:03:27.810 [pool-4-thread-7] DEBUG serenity.reporting - Generating report in f6c936e4423f9245a1ab3ff82433a4fff1e4785ceb8d3bf834e81c59fa658ed3.html

15:03:27.810 [pool-4-thread-7] DEBUG serenity.reporting - Generated report f6c936e4423f9245a1ab3ff82433a4fff1e4785ceb8d3bf834e81c59fa658ed3.html in 0 ms

15:03:27.810 [pool-4-thread-7] DEBUG net.thucydides.core.reports.ReportService - Processing test outcome User Transaction:DELETE user Successfully done

15:03:27.810 [pool-2-thread-1] DEBUG net.thucydides.core.reports.ReportService - Shutting down executor service

15:03:27.810 [pool-2-thread-1] DEBUG net.thucydides.core.reports.ReportService - Reports generated in: 966 ms

15:03:27.920 [pool-2-thread-1] INFO io.cucumber.core.plugin.SerenityReporter - Cleanup test resources for URI classpath:features/api/login.feature

15:03:27.920 [pool-2-thread-1] INFO io.cucumber.core.plugin.SerenityReporter - Cleanup test resources for URI classpath:features/api/register.feature

15:03:27.920 [pool-2-thread-1] INFO io.cucumber.core.plugin.SerenityReporter - Cleanup test resources for URI classpath:features/api/user.feature


@User @CREATE-User
Scenario: POST Create user Successfully                             &amp#27;[90m# features/api/user.feature:8&amp#27;[0m
15:03:23.810 [pool-2-thread-1] INFO io.cucumber.core.plugin.SerenityReporter - Running feature from classpath:features/api/user.feature
15:03:23.810 [pool-2-thread-1] INFO  - 
  _____   ___   ___   _____     ___   _____     _     ___   _____   ___   ___  
 |_   _| | __| / __| |_   _|   / __| |_   _|   /_\   | _ \ |_   _| | __| |   \ 
   | |   | _|  \__ \   | |     \__ \   | |    / _ \  |   /   | |   | _|  | |) |
   |_|   |___| |___/   |_|     |___/   |_|   /_/ \_\ |_|_\   |_|   |___| |___/ 

POST Create user Successfully(user-transaction;post-create-user-successfully)
--------------------------------------------------------------------------------
io.restassured.internal.RestAssuredResponseImpl@19cf894
{
    "name": "morpheus",
    "job": "leader",
    "id": "806",
    "createdAt": "2022-06-25T08:03:25.416Z"
}
{
    "name": "morpheus",
    "job": "leader",
    "id": "806",
    "createdAt": "2022-06-25T08:03:25.416Z"
}
  &amp#27;[32mWhen &amp#27;[0m&amp#27;[32muser send POST Create user request to server&amp#27;[0m                 &amp#27;[90m# api.stepdef.UserStepdef.userSendPOSTCreateUserRequestToServer()&amp#27;[0m
  &amp#27;[32mThen &amp#27;[0m&amp#27;[32mresponse status code should be &amp#27;[0m&amp#27;[32m&amp#27;[1m201&amp#27;[0m                           &amp#27;[90m# api.stepdef.ValidationStep.responseStatusCodeShouldBe(int)&amp#27;[0m
  &amp#27;[32mAnd &amp#27;[0m&amp#27;[32mresponse structure should match json schema &amp#27;[0m&amp#27;[32m&amp#27;[1m"CreateUser.json"&amp#27;[0m &amp#27;[90m# api.stepdef.ValidationStep.responseStructureShouldMatchJsonSchema(java.lang.String)&amp#27;[0m
15:03:24.545 [pool-2-thread-1] INFO  - 
  _____   ___   ___   _____     ___     _     ___   ___   ___   ___  
 |_   _| | __| / __| |_   _|   | _ \   /_\   / __| / __| | __| |   \ 
   | |   | _|  \__ \   | |     |  _/  / _ \  \__ \ \__ \ | _|  | |) |
   |_|   |___| |___/   |_|     |_|   /_/ \_\ |___/ |___/ |___| |___/ 

POST Create user Successfully
----------------------------------------------------------------------
]]></system-out>
  </testcase>
  <testcase name="PUT Update user Successfully" classname="User Transaction" time="0.735">
    <system-out><![CDATA[
@User @UPDATE-User
Scenario: PUT Update user Successfully                              &amp#27;[90m# features/api/user.feature:14&amp#27;[0m
15:03:24.545 [pool-2-thread-1] INFO io.cucumber.core.plugin.SerenityReporter - Running feature from classpath:features/api/user.feature
15:03:24.545 [pool-2-thread-1] INFO  - 
  _____   ___   ___   _____     ___   _____     _     ___   _____   ___   ___  
 |_   _| | __| / __| |_   _|   / __| |_   _|   /_\   | _ \ |_   _| | __| |   \ 
   | |   | _|  \__ \   | |     \__ \   | |    / _ \  |   /   | |   | _|  | |) |
   |_|   |___| |___/   |_|     |___/   |_|   /_/ \_\ |_|_\   |_|   |___| |___/ 

PUT Update user Successfully(user-transaction;put-update-user-successfully)
--------------------------------------------------------------------------------
io.restassured.internal.RestAssuredResponseImpl@be2b58
{
    "name": "morpheus",
    "job": "zion resident",
    "updatedAt": "2022-06-25T08:03:26.117Z"
}
{
    "name": "morpheus",
    "job": "zion resident",
    "updatedAt": "2022-06-25T08:03:26.117Z"
}
  &amp#27;[32mWhen &amp#27;[0m&amp#27;[32muser send PUT Update user request to server&amp#27;[0m                  &amp#27;[90m# api.stepdef.UserStepdef.userSendPUTUpdateUserRequestToServer()&amp#27;[0m
  &amp#27;[32mThen &amp#27;[0m&amp#27;[32mresponse status code should be &amp#27;[0m&amp#27;[32m&amp#27;[1m200&amp#27;[0m                           &amp#27;[90m# api.stepdef.ValidationStep.responseStatusCodeShouldBe(int)&amp#27;[0m
  &amp#27;[32mAnd &amp#27;[0m&amp#27;[32mresponse structure should match json schema &amp#27;[0m&amp#27;[32m&amp#27;[1m"UpdateUser.json"&amp#27;[0m &amp#27;[90m# api.stepdef.ValidationStep.responseStructureShouldMatchJsonSchema(java.lang.String)&amp#27;[0m
15:03:25.280 [pool-2-thread-1] INFO  - 
  _____   ___   ___   _____     ___     _     ___   ___   ___   ___  
 |_   _| | __| / __| |_   _|   | _ \   /_\   / __| / __| | __| |   \ 
   | |   | _|  \__ \   | |     |  _/  / _ \  \__ \ \__ \ | _|  | |) |
   |_|   |___| |___/   |_|     |_|   /_/ \_\ |___/ |___/ |___| |___/ 

PUT Update user Successfully
----------------------------------------------------------------------
]]></system-out>
  </testcase>
  <testcase name="GET list User Successfully" classname="User Transaction" time="0.313">
    <system-out><![CDATA[
@User @GET-List
Scenario: GET list User Successfully                                 &amp#27;[90m# features/api/user.feature:20&amp#27;[0m
15:03:25.280 [pool-2-thread-1] INFO io.cucumber.core.plugin.SerenityReporter - Running feature from classpath:features/api/user.feature
15:03:25.280 [pool-2-thread-1] INFO  - 
  _____   ___   ___   _____     ___   _____     _     ___   _____   ___   ___  
 |_   _| | __| / __| |_   _|   / __| |_   _|   /_\   | _ \ |_   _| | __| |   \ 
   | |   | _|  \__ \   | |     \__ \   | |    / _ \  |   /   | |   | _|  | |) |
   |_|   |___| |___/   |_|     |___/   |_|   /_/ \_\ |_|_\   |_|   |___| |___/ 

GET list User Successfully(user-transaction;get-list-user-successfully)
--------------------------------------------------------------------------------
io.restassured.internal.RestAssuredResponseImpl@13937be
{
    "page": 2,
    "per_page": 6,
    "total": 12,
    "total_pages": 2,
    "data": [
        {
            "id": 7,
            "email": "michael.lawson@reqres.in",
            "first_name": "Michael",
            "last_name": "Lawson",
            "avatar": "https://reqres.in/img/faces/7-image.jpg"
        },
        {
            "id": 8,
            "email": "lindsay.ferguson@reqres.in",
            "first_name": "Lindsay",
            "last_name": "Ferguson",
            "avatar": "https://reqres.in/img/faces/8-image.jpg"
        },
        {
            "id": 9,
            "email": "tobias.funke@reqres.in",
            "first_name": "Tobias",
            "last_name": "Funke",
            "avatar": "https://reqres.in/img/faces/9-image.jpg"
        },
        {
            "id": 10,
            "email": "byron.fields@reqres.in",
            "first_name": "Byron",
            "last_name": "Fields",
            "avatar": "https://reqres.in/img/faces/10-image.jpg"
        },
        {
            "id": 11,
            "email": "george.edwards@reqres.in",
            "first_name": "George",
            "last_name": "Edwards",
            "avatar": "https://reqres.in/img/faces/11-image.jpg"
        },
        {
            "id": 12,
            "email": "rachel.howell@reqres.in",
            "first_name": "Rachel",
            "last_name": "Howell",
            "avatar": "https://reqres.in/img/faces/12-image.jpg"
        }
    ],
    "support": {
        "url": "https://reqres.in/#support-heading",
        "text": "To keep ReqRes free, contributions towards server costs are appreciated!"
    }
}
{
    "page": 2,
    "per_page": 6,
    "total": 12,
    "total_pages": 2,
    "data": [
        {
            "id": 7,
            "email": "michael.lawson@reqres.in",
            "first_name": "Michael",
            "last_name": "Lawson",
            "avatar": "https://reqres.in/img/faces/7-image.jpg"
        },
        {
            "id": 8,
            "email": "lindsay.ferguson@reqres.in",
            "first_name": "Lindsay",
            "last_name": "Ferguson",
            "avatar": "https://reqres.in/img/faces/8-image.jpg"
        },
        {
            "id": 9,
            "email": "tobias.funke@reqres.in",
            "first_name": "Tobias",
            "last_name": "Funke",
            "avatar": "https://reqres.in/img/faces/9-image.jpg"
        },
        {
            "id": 10,
            "email": "byron.fields@reqres.in",
            "first_name": "Byron",
            "last_name": "Fields",
            "avatar": "https://reqres.in/img/faces/10-image.jpg"
        },
        {
            "id": 11,
            "email": "george.edwards@reqres.in",
            "first_name": "George",
            "last_name": "Edwards",
            "avatar": "https://reqres.in/img/faces/11-image.jpg"
        },
        {
            "id": 12,
            "email": "rachel.howell@reqres.in",
            "first_name": "Rachel",
            "last_name": "Howell",
            "avatar": "https://reqres.in/img/faces/12-image.jpg"
        }
    ],
    "support": {
        "url": "https://reqres.in/#support-heading",
        "text": "To keep ReqRes free, contributions towards server costs are appreciated!"
    }
}
  &amp#27;[32mWhen &amp#27;[0m&amp#27;[32muser send  GET list user request to server&amp#27;[0m                    &amp#27;[90m# api.stepdef.UserStepdef.userSendGETListUserRequestToServer()&amp#27;[0m
  &amp#27;[32mThen &amp#27;[0m&amp#27;[32mresponse status code should be &amp#27;[0m&amp#27;[32m&amp#27;[1m200&amp#27;[0m                            &amp#27;[90m# api.stepdef.ValidationStep.responseStatusCodeShouldBe(int)&amp#27;[0m
  &amp#27;[32mAnd &amp#27;[0m&amp#27;[32mresponse structure should match json schema &amp#27;[0m&amp#27;[32m&amp#27;[1m"GetListUser.json"&amp#27;[0m &amp#27;[90m# api.stepdef.ValidationStep.responseStructureShouldMatchJsonSchema(java.lang.String)&amp#27;[0m
15:03:25.593 [pool-2-thread-1] INFO  - 
  _____   ___   ___   _____     ___     _     ___   ___   ___   ___  
 |_   _| | __| / __| |_   _|   | _ \   /_\   / __| / __| | __| |   \ 
   | |   | _|  \__ \   | |     |  _/  / _ \  \__ \ \__ \ | _|  | |) |
   |_|   |___| |___/   |_|     |_|   /_/ \_\ |___/ |___/ |___| |___/ 

GET list User Successfully
----------------------------------------------------------------------
]]></system-out>
  </testcase>
  <testcase name="GET Single User Successfully" classname="User Transaction" time="0.484">
    <system-out><![CDATA[
@User @GET-Single
Scenario: GET Single User Successfully                                 &amp#27;[90m# features/api/user.feature:26&amp#27;[0m
15:03:25.593 [pool-2-thread-1] INFO io.cucumber.core.plugin.SerenityReporter - Running feature from classpath:features/api/user.feature
15:03:25.593 [pool-2-thread-1] INFO  - 
  _____   ___   ___   _____     ___   _____     _     ___   _____   ___   ___  
 |_   _| | __| / __| |_   _|   / __| |_   _|   /_\   | _ \ |_   _| | __| |   \ 
   | |   | _|  \__ \   | |     \__ \   | |    / _ \  |   /   | |   | _|  | |) |
   |_|   |___| |___/   |_|     |___/   |_|   /_/ \_\ |_|_\   |_|   |___| |___/ 

GET Single User Successfully(user-transaction;get-single-user-successfully)
--------------------------------------------------------------------------------
io.restassured.internal.RestAssuredResponseImpl@b63c69
{
    "data": {
        "id": 2,
        "email": "janet.weaver@reqres.in",
        "first_name": "Janet",
        "last_name": "Weaver",
        "avatar": "https://reqres.in/img/faces/2-image.jpg"
    },
    "support": {
        "url": "https://reqres.in/#support-heading",
        "text": "To keep ReqRes free, contributions towards server costs are appreciated!"
    }
}
{
    "data": {
        "id": 2,
        "email": "janet.weaver@reqres.in",
        "first_name": "Janet",
        "last_name": "Weaver",
        "avatar": "https://reqres.in/img/faces/2-image.jpg"
    },
    "support": {
        "url": "https://reqres.in/#support-heading",
        "text": "To keep ReqRes free, contributions towards server costs are appreciated!"
    }
}
  &amp#27;[32mWhen &amp#27;[0m&amp#27;[32muser send GET Single user request to server&amp#27;[0m                     &amp#27;[90m# api.stepdef.UserStepdef.userSendGETSingleUserRequestToServer()&amp#27;[0m
  &amp#27;[32mThen &amp#27;[0m&amp#27;[32mresponse status code should be &amp#27;[0m&amp#27;[32m&amp#27;[1m200&amp#27;[0m                              &amp#27;[90m# api.stepdef.ValidationStep.responseStatusCodeShouldBe(int)&amp#27;[0m
  &amp#27;[32mAnd &amp#27;[0m&amp#27;[32mresponse structure should match json schema &amp#27;[0m&amp#27;[32m&amp#27;[1m"GetSingleUSer.json"&amp#27;[0m &amp#27;[90m# api.stepdef.ValidationStep.responseStructureShouldMatchJsonSchema(java.lang.String)&amp#27;[0m
15:03:26.077 [pool-2-thread-1] INFO  - 
  _____   ___   ___   _____     ___     _     ___   ___   ___   ___  
 |_   _| | __| / __| |_   _|   | _ \   /_\   / __| / __| | __| |   \ 
   | |   | _|  \__ \   | |     |  _/  / _ \  \__ \ \__ \ | _|  | |) |
   |_|   |___| |___/   |_|     |_|   /_/ \_\ |___/ |___/ |___| |___/ 

GET Single User Successfully
----------------------------------------------------------------------
]]></system-out>
  </testcase>
  <testcase name="DELETE user Successfully" classname="User Transaction" time="0.641">
    <system-out><![CDATA[
@User @DELETE-User
Scenario: DELETE user Successfully             &amp#27;[90m# features/api/user.feature:32&amp#27;[0m
15:03:26.077 [pool-2-thread-1] INFO io.cucumber.core.plugin.SerenityReporter - Running feature from classpath:features/api/user.feature
15:03:26.077 [pool-2-thread-1] INFO  - 
  _____   ___   ___   _____     ___   _____     _     ___   _____   ___   ___  
 |_   _| | __| / __| |_   _|   / __| |_   _|   /_\   | _ \ |_   _| | __| |   \ 
   | |   | _|  \__ \   | |     \__ \   | |    / _ \  |   /   | |   | _|  | |) |
   |_|   |___| |___/   |_|     |___/   |_|   /_/ \_\ |_|_\   |_|   |___| |___/ 

DELETE user Successfully(user-transaction;delete-user-successfully)
--------------------------------------------------------------------------------
io.restassured.internal.RestAssuredResponseImpl@1fb3cfe


  &amp#27;[32mWhen &amp#27;[0m&amp#27;[32muser send DELETE user request to server&amp#27;[0m &amp#27;[90m# api.stepdef.UserStepdef.userSendDELETEUserRequestToServer()&amp#27;[0m
  &amp#27;[32mThen &amp#27;[0m&amp#27;[32mresponse status code should be &amp#27;[0m&amp#27;[32m&amp#27;[1m204&amp#27;[0m      &amp#27;[90m# api.stepdef.ValidationStep.responseStatusCodeShouldBe(int)&amp#27;[0m
15:03:26.718 [pool-2-thread-1] INFO  - 
  _____   ___   ___   _____     ___     _     ___   ___   ___   ___  
 |_   _| | __| / __| |_   _|   | _ \   /_\   / __| / __| | __| |   \ 
   | |   | _|  \__ \   | |     |  _/  / _ \  \__ \ \__ \ | _|  | |) |
   |_|   |___| |___/   |_|     |_|   /_/ \_\ |___/ |___/ |___| |___/ 

DELETE user Successfully
----------------------------------------------------------------------
]]></system-out>
  </testcase>
</testsuite>